<?xml version="1.0" encoding="UTF-8"?>
<!-- Generated by org.testng.reporters.JUnitXMLReporter -->
<testsuite ignored="0" hostname="DESKTOP-GAHM23E" failures="0" tests="6" name="Test" time="32.965" errors="0" timestamp="2022-02-15T17:01:48 IST">
  <testcase classname="testScenarios.Test_Amazon" name="Signin" time="2.89"/>
  <testcase classname="testScenarios.Test_Amazon" name="EnterEmail" time="2.393"/>
  <testcase classname="testScenarios.Test_Amazon" name="EnterPassword" time="0.397"/>
  <testcase classname="testScenarios.Test_Amazon" name="HomePageOperation1" time="7.235"/>
  <testcase classname="testScenarios.Test_Amazon" name="HomePageOperation2" time="0.968"/>
  <testcase classname="testScenarios.Test_Amazon" name="addToCartOperation" time="10.789"/>
</testsuite> <!-- Test -->
